mode: set
github.com/cypherlabdev/data-normalizer-service/internal/mocks/mock_messaging.go:33.61,37.2 3 0
github.com/cypherlabdev/data-normalizer-service/internal/mocks/mock_messaging.go:40.59,42.2 1 0
github.com/cypherlabdev/data-normalizer-service/internal/mocks/mock_messaging.go:45.38,50.2 4 0
github.com/cypherlabdev/data-normalizer-service/internal/mocks/mock_messaging.go:53.58,56.2 2 0
github.com/cypherlabdev/data-normalizer-service/internal/mocks/mock_messaging.go:59.94,64.2 4 0
github.com/cypherlabdev/data-normalizer-service/internal/mocks/mock_messaging.go:67.78,70.2 2 0
github.com/cypherlabdev/data-normalizer-service/internal/mocks/mock_messaging.go:85.61,89.2 3 0
github.com/cypherlabdev/data-normalizer-service/internal/mocks/mock_messaging.go:92.59,94.2 1 0
github.com/cypherlabdev/data-normalizer-service/internal/mocks/mock_messaging.go:97.38,102.2 4 0
github.com/cypherlabdev/data-normalizer-service/internal/mocks/mock_messaging.go:105.58,108.2 2 0
github.com/cypherlabdev/data-normalizer-service/internal/mocks/mock_messaging.go:111.57,116.2 4 0
github.com/cypherlabdev/data-normalizer-service/internal/mocks/mock_messaging.go:119.65,122.2 2 0
github.com/cypherlabdev/data-normalizer-service/internal/aggregator/odds_aggregator.go:19.42,23.2 1 1
github.com/cypherlabdev/data-normalizer-service/internal/aggregator/odds_aggregator.go:26.62,32.26 4 1
github.com/cypherlabdev/data-normalizer-service/internal/aggregator/odds_aggregator.go:32.26,35.3 2 1
github.com/cypherlabdev/data-normalizer-service/internal/aggregator/odds_aggregator.go:38.2,38.33 1 1
github.com/cypherlabdev/data-normalizer-service/internal/aggregator/odds_aggregator.go:38.33,41.3 2 1
github.com/cypherlabdev/data-normalizer-service/internal/aggregator/odds_aggregator.go:45.96,51.2 4 1
github.com/cypherlabdev/data-normalizer-service/internal/aggregator/odds_aggregator.go:54.84,55.20 1 1
github.com/cypherlabdev/data-normalizer-service/internal/aggregator/odds_aggregator.go:55.20,57.3 1 1
github.com/cypherlabdev/data-normalizer-service/internal/aggregator/odds_aggregator.go:60.2,66.26 6 1
github.com/cypherlabdev/data-normalizer-service/internal/aggregator/odds_aggregator.go:66.26,67.40 1 1
github.com/cypherlabdev/data-normalizer-service/internal/aggregator/odds_aggregator.go:67.40,69.4 1 1
github.com/cypherlabdev/data-normalizer-service/internal/aggregator/odds_aggregator.go:70.3,70.35 1 1
github.com/cypherlabdev/data-normalizer-service/internal/aggregator/odds_aggregator.go:70.35,72.4 1 1
github.com/cypherlabdev/data-normalizer-service/internal/aggregator/odds_aggregator.go:73.3,75.10 3 1
github.com/cypherlabdev/data-normalizer-service/internal/aggregator/odds_aggregator.go:78.2,83.51 4 1
github.com/cypherlabdev/data-normalizer-service/internal/aggregator/odds_aggregator.go:83.51,85.3 1 1
github.com/cypherlabdev/data-normalizer-service/internal/aggregator/odds_aggregator.go:87.2,98.3 1 1
github.com/cypherlabdev/data-normalizer-service/internal/aggregator/odds_aggregator.go:101.60,103.2 1 1
github.com/cypherlabdev/data-normalizer-service/internal/messaging/kafka_consumer.go:64.18,79.2 2 0
github.com/cypherlabdev/data-normalizer-service/internal/messaging/kafka_consumer.go:82.58,88.6 2 0
github.com/cypherlabdev/data-normalizer-service/internal/messaging/kafka_consumer.go:88.6,89.10 1 0
github.com/cypherlabdev/data-normalizer-service/internal/messaging/kafka_consumer.go:90.21,92.27 2 0
github.com/cypherlabdev/data-normalizer-service/internal/messaging/kafka_consumer.go:94.11,96.18 2 0
github.com/cypherlabdev/data-normalizer-service/internal/messaging/kafka_consumer.go:96.18,97.32 1 0
github.com/cypherlabdev/data-normalizer-service/internal/messaging/kafka_consumer.go:97.32,99.6 1 0
github.com/cypherlabdev/data-normalizer-service/internal/messaging/kafka_consumer.go:100.5,101.13 2 0
github.com/cypherlabdev/data-normalizer-service/internal/messaging/kafka_consumer.go:104.4,104.53 1 0
github.com/cypherlabdev/data-normalizer-service/internal/messaging/kafka_consumer.go:104.53,109.13 2 0
github.com/cypherlabdev/data-normalizer-service/internal/messaging/kafka_consumer.go:112.4,112.60 1 0
github.com/cypherlabdev/data-normalizer-service/internal/messaging/kafka_consumer.go:112.60,114.5 1 0
github.com/cypherlabdev/data-normalizer-service/internal/messaging/kafka_consumer.go:120.86,122.61 2 0
github.com/cypherlabdev/data-normalizer-service/internal/messaging/kafka_consumer.go:122.61,124.3 1 0
github.com/cypherlabdev/data-normalizer-service/internal/messaging/kafka_consumer.go:126.2,134.40 3 0
github.com/cypherlabdev/data-normalizer-service/internal/messaging/kafka_consumer.go:134.40,151.3 2 0
github.com/cypherlabdev/data-normalizer-service/internal/messaging/kafka_consumer.go:154.2,154.69 1 0
github.com/cypherlabdev/data-normalizer-service/internal/messaging/kafka_consumer.go:154.69,156.3 1 0
github.com/cypherlabdev/data-normalizer-service/internal/messaging/kafka_consumer.go:158.2,163.12 2 0
github.com/cypherlabdev/data-normalizer-service/internal/messaging/kafka_consumer.go:167.39,169.2 1 0
github.com/cypherlabdev/data-normalizer-service/internal/messaging/kafka_producer.go:40.18,56.2 2 0
github.com/cypherlabdev/data-normalizer-service/internal/messaging/kafka_producer.go:59.95,60.20 1 0
github.com/cypherlabdev/data-normalizer-service/internal/messaging/kafka_producer.go:60.20,62.3 1 0
github.com/cypherlabdev/data-normalizer-service/internal/messaging/kafka_producer.go:64.2,72.16 3 0
github.com/cypherlabdev/data-normalizer-service/internal/messaging/kafka_producer.go:72.16,74.3 1 0
github.com/cypherlabdev/data-normalizer-service/internal/messaging/kafka_producer.go:77.2,88.62 2 0
github.com/cypherlabdev/data-normalizer-service/internal/messaging/kafka_producer.go:88.62,90.3 1 0
github.com/cypherlabdev/data-normalizer-service/internal/messaging/kafka_producer.go:92.2,97.12 2 0
github.com/cypherlabdev/data-normalizer-service/internal/messaging/kafka_producer.go:101.39,103.2 1 0
github.com/cypherlabdev/data-normalizer-service/internal/mocks/mock_messaging.go:33.61,37.2 3 0
github.com/cypherlabdev/data-normalizer-service/internal/mocks/mock_messaging.go:40.59,42.2 1 0
github.com/cypherlabdev/data-normalizer-service/internal/mocks/mock_messaging.go:45.38,50.2 4 0
github.com/cypherlabdev/data-normalizer-service/internal/mocks/mock_messaging.go:53.58,56.2 2 0
github.com/cypherlabdev/data-normalizer-service/internal/mocks/mock_messaging.go:59.94,64.2 4 0
github.com/cypherlabdev/data-normalizer-service/internal/mocks/mock_messaging.go:67.78,70.2 2 0
github.com/cypherlabdev/data-normalizer-service/internal/mocks/mock_messaging.go:85.61,89.2 3 0
github.com/cypherlabdev/data-normalizer-service/internal/mocks/mock_messaging.go:92.59,94.2 1 0
github.com/cypherlabdev/data-normalizer-service/internal/mocks/mock_messaging.go:97.38,102.2 4 0
github.com/cypherlabdev/data-normalizer-service/internal/mocks/mock_messaging.go:105.58,108.2 2 0
github.com/cypherlabdev/data-normalizer-service/internal/mocks/mock_messaging.go:111.57,116.2 4 0
github.com/cypherlabdev/data-normalizer-service/internal/mocks/mock_messaging.go:119.65,122.2 2 0
github.com/cypherlabdev/data-normalizer-service/internal/aggregator/odds_aggregator.go:19.42,23.2 1 0
github.com/cypherlabdev/data-normalizer-service/internal/aggregator/odds_aggregator.go:26.62,32.26 4 0
github.com/cypherlabdev/data-normalizer-service/internal/aggregator/odds_aggregator.go:32.26,35.3 2 0
github.com/cypherlabdev/data-normalizer-service/internal/aggregator/odds_aggregator.go:38.2,38.33 1 0
github.com/cypherlabdev/data-normalizer-service/internal/aggregator/odds_aggregator.go:38.33,41.3 2 0
github.com/cypherlabdev/data-normalizer-service/internal/aggregator/odds_aggregator.go:45.96,51.2 4 0
github.com/cypherlabdev/data-normalizer-service/internal/aggregator/odds_aggregator.go:54.84,55.20 1 0
github.com/cypherlabdev/data-normalizer-service/internal/aggregator/odds_aggregator.go:55.20,57.3 1 0
github.com/cypherlabdev/data-normalizer-service/internal/aggregator/odds_aggregator.go:60.2,66.26 6 0
github.com/cypherlabdev/data-normalizer-service/internal/aggregator/odds_aggregator.go:66.26,67.40 1 0
github.com/cypherlabdev/data-normalizer-service/internal/aggregator/odds_aggregator.go:67.40,69.4 1 0
github.com/cypherlabdev/data-normalizer-service/internal/aggregator/odds_aggregator.go:70.3,70.35 1 0
github.com/cypherlabdev/data-normalizer-service/internal/aggregator/odds_aggregator.go:70.35,72.4 1 0
github.com/cypherlabdev/data-normalizer-service/internal/aggregator/odds_aggregator.go:73.3,75.10 3 0
github.com/cypherlabdev/data-normalizer-service/internal/aggregator/odds_aggregator.go:78.2,83.51 4 0
github.com/cypherlabdev/data-normalizer-service/internal/aggregator/odds_aggregator.go:83.51,85.3 1 0
github.com/cypherlabdev/data-normalizer-service/internal/aggregator/odds_aggregator.go:87.2,98.3 1 0
github.com/cypherlabdev/data-normalizer-service/internal/aggregator/odds_aggregator.go:101.60,103.2 1 0
github.com/cypherlabdev/data-normalizer-service/internal/messaging/kafka_consumer.go:64.18,79.2 2 1
github.com/cypherlabdev/data-normalizer-service/internal/messaging/kafka_consumer.go:82.58,88.6 2 1
github.com/cypherlabdev/data-normalizer-service/internal/messaging/kafka_consumer.go:88.6,89.10 1 1
github.com/cypherlabdev/data-normalizer-service/internal/messaging/kafka_consumer.go:90.21,92.27 2 1
github.com/cypherlabdev/data-normalizer-service/internal/messaging/kafka_consumer.go:94.11,96.18 2 1
github.com/cypherlabdev/data-normalizer-service/internal/messaging/kafka_consumer.go:96.18,97.32 1 1
github.com/cypherlabdev/data-normalizer-service/internal/messaging/kafka_consumer.go:97.32,99.6 1 1
github.com/cypherlabdev/data-normalizer-service/internal/messaging/kafka_consumer.go:100.5,101.13 2 1
github.com/cypherlabdev/data-normalizer-service/internal/messaging/kafka_consumer.go:104.4,104.53 1 1
github.com/cypherlabdev/data-normalizer-service/internal/messaging/kafka_consumer.go:104.53,109.13 2 1
github.com/cypherlabdev/data-normalizer-service/internal/messaging/kafka_consumer.go:112.4,112.60 1 1
github.com/cypherlabdev/data-normalizer-service/internal/messaging/kafka_consumer.go:112.60,114.5 1 1
github.com/cypherlabdev/data-normalizer-service/internal/messaging/kafka_consumer.go:120.86,122.61 2 1
github.com/cypherlabdev/data-normalizer-service/internal/messaging/kafka_consumer.go:122.61,124.3 1 1
github.com/cypherlabdev/data-normalizer-service/internal/messaging/kafka_consumer.go:126.2,134.40 3 1
github.com/cypherlabdev/data-normalizer-service/internal/messaging/kafka_consumer.go:134.40,151.3 2 1
github.com/cypherlabdev/data-normalizer-service/internal/messaging/kafka_consumer.go:154.2,154.69 1 1
github.com/cypherlabdev/data-normalizer-service/internal/messaging/kafka_consumer.go:154.69,156.3 1 1
github.com/cypherlabdev/data-normalizer-service/internal/messaging/kafka_consumer.go:158.2,163.12 2 1
github.com/cypherlabdev/data-normalizer-service/internal/messaging/kafka_consumer.go:167.39,169.2 1 1
github.com/cypherlabdev/data-normalizer-service/internal/messaging/kafka_producer.go:40.18,56.2 2 1
github.com/cypherlabdev/data-normalizer-service/internal/messaging/kafka_producer.go:59.95,60.20 1 1
github.com/cypherlabdev/data-normalizer-service/internal/messaging/kafka_producer.go:60.20,62.3 1 1
github.com/cypherlabdev/data-normalizer-service/internal/messaging/kafka_producer.go:64.2,72.16 3 1
github.com/cypherlabdev/data-normalizer-service/internal/messaging/kafka_producer.go:72.16,74.3 1 0
github.com/cypherlabdev/data-normalizer-service/internal/messaging/kafka_producer.go:77.2,88.62 2 1
github.com/cypherlabdev/data-normalizer-service/internal/messaging/kafka_producer.go:88.62,90.3 1 1
github.com/cypherlabdev/data-normalizer-service/internal/messaging/kafka_producer.go:92.2,97.12 2 1
github.com/cypherlabdev/data-normalizer-service/internal/messaging/kafka_producer.go:101.39,103.2 1 1
github.com/cypherlabdev/data-normalizer-service/internal/mocks/mock_messaging.go:33.61,37.2 3 1
github.com/cypherlabdev/data-normalizer-service/internal/mocks/mock_messaging.go:40.59,42.2 1 1
github.com/cypherlabdev/data-normalizer-service/internal/mocks/mock_messaging.go:45.38,50.2 4 0
github.com/cypherlabdev/data-normalizer-service/internal/mocks/mock_messaging.go:53.58,56.2 2 0
github.com/cypherlabdev/data-normalizer-service/internal/mocks/mock_messaging.go:59.94,64.2 4 1
github.com/cypherlabdev/data-normalizer-service/internal/mocks/mock_messaging.go:67.78,70.2 2 1
github.com/cypherlabdev/data-normalizer-service/internal/mocks/mock_messaging.go:85.61,89.2 3 0
github.com/cypherlabdev/data-normalizer-service/internal/mocks/mock_messaging.go:92.59,94.2 1 0
github.com/cypherlabdev/data-normalizer-service/internal/mocks/mock_messaging.go:97.38,102.2 4 0
github.com/cypherlabdev/data-normalizer-service/internal/mocks/mock_messaging.go:105.58,108.2 2 0
github.com/cypherlabdev/data-normalizer-service/internal/mocks/mock_messaging.go:111.57,116.2 4 0
github.com/cypherlabdev/data-normalizer-service/internal/mocks/mock_messaging.go:119.65,122.2 2 0
