mode: set
github.com/cypherlabdev/data-normalizer-service/internal/messaging/kafka_consumer.go:64.18,79.2 2 1
github.com/cypherlabdev/data-normalizer-service/internal/messaging/kafka_consumer.go:82.58,88.6 2 1
github.com/cypherlabdev/data-normalizer-service/internal/messaging/kafka_consumer.go:88.6,89.10 1 1
github.com/cypherlabdev/data-normalizer-service/internal/messaging/kafka_consumer.go:90.21,92.27 2 1
github.com/cypherlabdev/data-normalizer-service/internal/messaging/kafka_consumer.go:94.11,96.18 2 1
github.com/cypherlabdev/data-normalizer-service/internal/messaging/kafka_consumer.go:96.18,97.32 1 1
github.com/cypherlabdev/data-normalizer-service/internal/messaging/kafka_consumer.go:97.32,99.6 1 1
github.com/cypherlabdev/data-normalizer-service/internal/messaging/kafka_consumer.go:100.5,101.13 2 1
github.com/cypherlabdev/data-normalizer-service/internal/messaging/kafka_consumer.go:104.4,104.53 1 1
github.com/cypherlabdev/data-normalizer-service/internal/messaging/kafka_consumer.go:104.53,109.13 2 1
github.com/cypherlabdev/data-normalizer-service/internal/messaging/kafka_consumer.go:112.4,112.60 1 1
github.com/cypherlabdev/data-normalizer-service/internal/messaging/kafka_consumer.go:112.60,114.5 1 1
github.com/cypherlabdev/data-normalizer-service/internal/messaging/kafka_consumer.go:120.86,122.61 2 1
github.com/cypherlabdev/data-normalizer-service/internal/messaging/kafka_consumer.go:122.61,124.3 1 1
github.com/cypherlabdev/data-normalizer-service/internal/messaging/kafka_consumer.go:126.2,134.40 3 1
github.com/cypherlabdev/data-normalizer-service/internal/messaging/kafka_consumer.go:134.40,151.3 2 1
github.com/cypherlabdev/data-normalizer-service/internal/messaging/kafka_consumer.go:154.2,154.69 1 1
github.com/cypherlabdev/data-normalizer-service/internal/messaging/kafka_consumer.go:154.69,156.3 1 1
github.com/cypherlabdev/data-normalizer-service/internal/messaging/kafka_consumer.go:158.2,163.12 2 1
github.com/cypherlabdev/data-normalizer-service/internal/messaging/kafka_consumer.go:167.39,169.2 1 1
github.com/cypherlabdev/data-normalizer-service/internal/messaging/kafka_producer.go:40.18,56.2 2 1
github.com/cypherlabdev/data-normalizer-service/internal/messaging/kafka_producer.go:59.95,60.20 1 1
github.com/cypherlabdev/data-normalizer-service/internal/messaging/kafka_producer.go:60.20,62.3 1 1
github.com/cypherlabdev/data-normalizer-service/internal/messaging/kafka_producer.go:64.2,72.16 3 1
github.com/cypherlabdev/data-normalizer-service/internal/messaging/kafka_producer.go:72.16,74.3 1 0
github.com/cypherlabdev/data-normalizer-service/internal/messaging/kafka_producer.go:77.2,88.62 2 1
github.com/cypherlabdev/data-normalizer-service/internal/messaging/kafka_producer.go:88.62,90.3 1 1
github.com/cypherlabdev/data-normalizer-service/internal/messaging/kafka_producer.go:92.2,97.12 2 1
github.com/cypherlabdev/data-normalizer-service/internal/messaging/kafka_producer.go:101.39,103.2 1 1
